<?xml version="1.0" encoding="UTF-8"?>
<!-- Generated by org.testng.reporters.JUnitReportReporter -->
<testsuite hostname="DESKTOP-MJI5AEK" failures="0" tests="1" name="Department.DepartmentAPITests" time="1.074" errors="0" timestamp="2025-02-24T14:45:51 PST" skipped="0">
  <testcase classname="Department.DepartmentAPITests" name="testGetDepartments" time="1.074"/>
</testsuite> <!-- Department.DepartmentAPITests -->
