<?xml version="1.0" encoding="UTF-8"?>
<!-- Generated by org.testng.reporters.JUnitReportReporter -->
<testsuite hostname="DESKTOP-MJI5AEK" failures="0" tests="1" name="DepartmentAPITests" time="1.065" errors="0" timestamp="2025-02-24T10:27:59 PST" skipped="0">
  <testcase classname="DepartmentAPITests" name="testGetDepartments" time="1.065"/>
</testsuite> <!-- DepartmentAPITests -->
