<?xml version="1.0" encoding="UTF-8"?>
<!-- Generated by org.testng.reporters.JUnitReportReporter -->
<testsuite hostname="DESKTOP-MJI5AEK" failures="0" tests="1" name="Department.DepartmentAPITests" time="1.573" errors="0" timestamp="2025-02-24T13:23:54 PST" skipped="0">
  <testcase classname="Department.DepartmentAPITests" name="testGetDepartments" time="1.573"/>
</testsuite> <!-- Department.DepartmentAPITests -->
